<?xml version="1.0" encoding="UTF-8"?>
<!-- Generated by org.testng.reporters.JUnitReportReporter -->
<testsuite skipped="0" hostname="DESKTOP-1AG6HG1" name="com.tests.logTests" tests="2" failures="0" timestamp="28 Dec 2018 06:26:16 GMT" time="50.060" errors="0">
  <testcase name="freecrmTitle1" time="32.603" classname="com.tests.logTests"/>
  <testcase name="freecrmLogoTest" time="17.457" classname="com.tests.logTests"/>
</testsuite> <!-- com.tests.logTests -->
